<?xml version="1.0" encoding="UTF-8"?>
<testsuite name="dao.Sql2oFoodtypeDaoTest" tests="1" skipped="0" failures="0" errors="0" timestamp="2023-02-01T09:15:22" hostname="kajela-HP-EliteBook-840-G3" time="0.524">
  <properties/>
  <testcase name="addingFoodSetsId" classname="dao.Sql2oFoodtypeDaoTest" time="0.524"/>
  <system-out><![CDATA[clearing database
connection closed
]]></system-out>
  <system-err><![CDATA[]]></system-err>
</testsuite>
