<?xml version="1.0" encoding="UTF-8"?>
<testsuite name="dao.Sql2oRestaurantDaoTest" tests="1" skipped="0" failures="0" errors="0" timestamp="2023-01-29T16:01:12" hostname="kajela-HP-EliteBook-840-G3" time="0.257">
  <properties/>
  <testcase name="deleteingRestaurantAlsoUpdatesJoinTable" classname="dao.Sql2oRestaurantDaoTest" time="0.257"/>
  <system-out><![CDATA[org.sql2o.Sql2oException: Error preparing statement - Returning autogenerated keys is only supported for 8.2 and later servers.
org.sql2o.Sql2oException: Error preparing statement - Returning autogenerated keys is only supported for 8.2 and later servers.
org.sql2o.Sql2oException: Error preparing statement - Returning autogenerated keys is only supported for 8.2 and later servers.
org.sql2o.Sql2oException: Error preparing statement - Returning autogenerated keys is only supported for 8.2 and later servers.
org.sql2o.Sql2oException: Error preparing statement - Returning autogenerated keys is only supported for 8.2 and later servers.
clearing database
connection closed
]]></system-out>
  <system-err><![CDATA[]]></system-err>
</testsuite>
