<?xml version="1.0" encoding="UTF-8"?>
<testsuite name="models.ReviewTest" tests="1" skipped="0" failures="0" errors="0" timestamp="2023-01-19T19:58:57" hostname="kajela-HP-EliteBook-840-G3" time="0.003">
  <properties/>
  <testcase name="setRestaurantIdCorrectlySetsRestaurantsId" classname="models.ReviewTest" time="0.003"/>
  <system-out><![CDATA[]]></system-out>
  <system-err><![CDATA[]]></system-err>
</testsuite>
