<?xml version="1.0" encoding="UTF-8"?>
<testsuite name="dao.Sql2oFoodtypeDaoTest" tests="7" skipped="0" failures="0" errors="0" timestamp="2023-01-24T10:07:13" hostname="kajela-HP-EliteBook-840-G3" time="0.661">
  <properties/>
  <testcase name="addFoodTypeToRestaurantAddsTypeCorrectly" classname="dao.Sql2oFoodtypeDaoTest" time="0.526"/>
  <testcase name="addedFoodtypesAreReturnedFromGetAll" classname="dao.Sql2oFoodtypeDaoTest" time="0.016"/>
  <testcase name="noFoodtypesReturnsEmptyList" classname="dao.Sql2oFoodtypeDaoTest" time="0.017"/>
  <testcase name="deleteingRestaurantAlsoUpdatesJoinTable" classname="dao.Sql2oFoodtypeDaoTest" time="0.041"/>
  <testcase name="deleteByIdDeletesCorrectFoodtype" classname="dao.Sql2oFoodtypeDaoTest" time="0.019"/>
  <testcase name="clearAll" classname="dao.Sql2oFoodtypeDaoTest" time="0.014"/>
  <testcase name="addingFoodSetsId" classname="dao.Sql2oFoodtypeDaoTest" time="0.017"/>
  <system-out><![CDATA[]]></system-out>
  <system-err><![CDATA[]]></system-err>
</testsuite>
