<?xml version="1.0" encoding="UTF-8"?>
<testsuite name="dao.Sql2oFoodtypeDaoTest" tests="7" skipped="0" failures="0" errors="0" timestamp="2023-01-30T13:49:15" hostname="kajela-HP-EliteBook-840-G3" time="0.798">
  <properties/>
  <testcase name="addFoodTypeToRestaurantAddsTypeCorrectly" classname="dao.Sql2oFoodtypeDaoTest" time="0.438"/>
  <testcase name="addedFoodtypesAreReturnedFromGetAll" classname="dao.Sql2oFoodtypeDaoTest" time="0.058"/>
  <testcase name="noFoodtypesReturnsEmptyList" classname="dao.Sql2oFoodtypeDaoTest" time="0.025"/>
  <testcase name="deleteingRestaurantAlsoUpdatesJoinTable" classname="dao.Sql2oFoodtypeDaoTest" time="0.135"/>
  <testcase name="deleteByIdDeletesCorrectFoodtype" classname="dao.Sql2oFoodtypeDaoTest" time="0.059"/>
  <testcase name="clearAll" classname="dao.Sql2oFoodtypeDaoTest" time="0.046"/>
  <testcase name="addingFoodSetsId" classname="dao.Sql2oFoodtypeDaoTest" time="0.029"/>
  <system-out><![CDATA[org.sql2o.Sql2oException: Error preparing statement - Returning autogenerated keys is only supported for 8.2 and later servers.
org.sql2o.Sql2oException: Error preparing statement - Returning autogenerated keys is only supported for 8.2 and later servers.
org.sql2o.Sql2oException: Error preparing statement - Returning autogenerated keys is only supported for 8.2 and later servers.
org.sql2o.Sql2oException: Error preparing statement - Returning autogenerated keys is only supported for 8.2 and later servers.
org.sql2o.Sql2oException: Error preparing statement - Returning autogenerated keys is only supported for 8.2 and later servers.
clearing database
org.sql2o.Sql2oException: Error preparing statement - Returning autogenerated keys is only supported for 8.2 and later servers.
clearing database
clearing database
org.sql2o.Sql2oException: Error preparing statement - Returning autogenerated keys is only supported for 8.2 and later servers.
org.sql2o.Sql2oException: Error preparing statement - Returning autogenerated keys is only supported for 8.2 and later servers.
org.sql2o.Sql2oException: Error preparing statement - Returning autogenerated keys is only supported for 8.2 and later servers.
org.sql2o.Sql2oException: Error preparing statement - Returning autogenerated keys is only supported for 8.2 and later servers.
org.sql2o.Sql2oException: Error preparing statement - Returning autogenerated keys is only supported for 8.2 and later servers.
clearing database
org.sql2o.Sql2oException: Error preparing statement - Returning autogenerated keys is only supported for 8.2 and later servers.
clearing database
clearing database
org.sql2o.Sql2oException: Error preparing statement - Returning autogenerated keys is only supported for 8.2 and later servers.
clearing database
connection closed
]]></system-out>
  <system-err><![CDATA[]]></system-err>
</testsuite>
