<?xml version="1.0" encoding="UTF-8"?>
<testsuite name="dao.Sql2oFoodtypeDaoTest" tests="7" skipped="0" failures="0" errors="0" timestamp="2023-01-28T10:13:16" hostname="kajela-HP-EliteBook-840-G3" time="0.498">
  <properties/>
  <testcase name="addFoodTypeToRestaurantAddsTypeCorrectly" classname="dao.Sql2oFoodtypeDaoTest" time="0.229"/>
  <testcase name="addedFoodtypesAreReturnedFromGetAll" classname="dao.Sql2oFoodtypeDaoTest" time="0.03"/>
  <testcase name="noFoodtypesReturnsEmptyList" classname="dao.Sql2oFoodtypeDaoTest" time="0.022"/>
  <testcase name="deleteingRestaurantAlsoUpdatesJoinTable" classname="dao.Sql2oFoodtypeDaoTest" time="0.105"/>
  <testcase name="deleteByIdDeletesCorrectFoodtype" classname="dao.Sql2oFoodtypeDaoTest" time="0.04"/>
  <testcase name="clearAll" classname="dao.Sql2oFoodtypeDaoTest" time="0.04"/>
  <testcase name="addingFoodSetsId" classname="dao.Sql2oFoodtypeDaoTest" time="0.029"/>
  <system-out><![CDATA[org.sql2o.Sql2oException: Error preparing statement - Returning autogenerated keys is only supported for 8.2 and later servers.
org.sql2o.Sql2oException: Error preparing statement - Returning autogenerated keys is only supported for 8.2 and later servers.
org.sql2o.Sql2oException: Error preparing statement - Returning autogenerated keys is only supported for 8.2 and later servers.
org.sql2o.Sql2oException: Error preparing statement - Returning autogenerated keys is only supported for 8.2 and later servers.
org.sql2o.Sql2oException: Error preparing statement - Returning autogenerated keys is only supported for 8.2 and later servers.
clearing database
org.sql2o.Sql2oException: Error preparing statement - Returning autogenerated keys is only supported for 8.2 and later servers.
clearing database
clearing database
org.sql2o.Sql2oException: Error preparing statement - Returning autogenerated keys is only supported for 8.2 and later servers.
org.sql2o.Sql2oException: Error preparing statement - Returning autogenerated keys is only supported for 8.2 and later servers.
org.sql2o.Sql2oException: Error preparing statement - Returning autogenerated keys is only supported for 8.2 and later servers.
org.sql2o.Sql2oException: Error preparing statement - Returning autogenerated keys is only supported for 8.2 and later servers.
org.sql2o.Sql2oException: Error preparing statement - Returning autogenerated keys is only supported for 8.2 and later servers.
clearing database
org.sql2o.Sql2oException: Error preparing statement - Returning autogenerated keys is only supported for 8.2 and later servers.
clearing database
clearing database
org.sql2o.Sql2oException: Error preparing statement - Returning autogenerated keys is only supported for 8.2 and later servers.
clearing database
connection closed
]]></system-out>
  <system-err><![CDATA[]]></system-err>
</testsuite>
