<?xml version="1.0" encoding="UTF-8"?>
<testsuite name="dao.Sql2oReviewDaoTest" tests="1" skipped="0" failures="0" errors="0" timestamp="2023-02-01T08:40:37" hostname="kajela-HP-EliteBook-840-G3" time="0.76">
  <properties/>
  <testcase name="timeStampIsReturnedCorrectly" classname="dao.Sql2oReviewDaoTest" time="0.76"/>
  <system-out><![CDATA[02/01/2023 @ 3:40 AM
clearing database
connection closed
]]></system-out>
  <system-err><![CDATA[]]></system-err>
</testsuite>
