<?xml version="1.0" encoding="UTF-8"?>
<testsuite name="dao.Sql2oReviewDaoTest" tests="1" skipped="0" failures="0" errors="0" timestamp="2023-01-28T10:37:52" hostname="kajela-HP-EliteBook-840-G3" time="0.187">
  <properties/>
  <testcase name="deleteById" classname="dao.Sql2oReviewDaoTest" time="0.187"/>
  <system-out><![CDATA[org.sql2o.Sql2oException: Error preparing statement - Returning autogenerated keys is only supported for 8.2 and later servers.
org.sql2o.Sql2oException: Error preparing statement - Returning autogenerated keys is only supported for 8.2 and later servers.
clearing database
connection closed
]]></system-out>
  <system-err><![CDATA[]]></system-err>
</testsuite>
