<?xml version="1.0" encoding="UTF-8"?>
<testsuite name="dao.Sql2oReviewDaoTest" tests="5" skipped="0" failures="0" errors="0" timestamp="2023-01-23T09:15:50" hostname="kajela-HP-EliteBook-840-G3" time="0.707">
  <properties/>
  <testcase name="getAllReviewsByRestaurant" classname="dao.Sql2oReviewDaoTest" time="0.487"/>
  <testcase name="getAll" classname="dao.Sql2oReviewDaoTest" time="0.037"/>
  <testcase name="addingReviewSetsId" classname="dao.Sql2oReviewDaoTest" time="0.046"/>
  <testcase name="clearAll" classname="dao.Sql2oReviewDaoTest" time="0.074"/>
  <testcase name="deleteById" classname="dao.Sql2oReviewDaoTest" time="0.037"/>
  <system-out><![CDATA[org.sql2o.Sql2oException: Error in executeUpdate, Parameter "#1" is not set; SQL statement:
INSERT INTO reviews (writtenby, content, rating, restaurantid) VALUES (?, ?, ?, ?) [90012-191]
org.sql2o.Sql2oException: Error in executeUpdate, Parameter "#1" is not set; SQL statement:
INSERT INTO reviews (writtenby, content, rating, restaurantid) VALUES (?, ?, ?, ?) [90012-191]
org.sql2o.Sql2oException: Error in executeUpdate, Parameter "#1" is not set; SQL statement:
INSERT INTO reviews (writtenby, content, rating, restaurantid) VALUES (?, ?, ?, ?) [90012-191]
org.sql2o.Sql2oException: Error in executeUpdate, Parameter "#1" is not set; SQL statement:
INSERT INTO reviews (writtenby, content, rating, restaurantid) VALUES (?, ?, ?, ?) [90012-191]
org.sql2o.Sql2oException: Error in executeUpdate, Parameter "#1" is not set; SQL statement:
INSERT INTO reviews (writtenby, content, rating, restaurantid) VALUES (?, ?, ?, ?) [90012-191]
org.sql2o.Sql2oException: Error in executeUpdate, Parameter "#1" is not set; SQL statement:
INSERT INTO reviews (writtenby, content, rating, restaurantid) VALUES (?, ?, ?, ?) [90012-191]
org.sql2o.Sql2oException: Error in executeUpdate, Parameter "#1" is not set; SQL statement:
INSERT INTO reviews (writtenby, content, rating, restaurantid) VALUES (?, ?, ?, ?) [90012-191]
org.sql2o.Sql2oException: Error in executeUpdate, Parameter "#1" is not set; SQL statement:
INSERT INTO reviews (writtenby, content, rating, restaurantid) VALUES (?, ?, ?, ?) [90012-191]
org.sql2o.Sql2oException: Error in executeUpdate, Parameter "#1" is not set; SQL statement:
INSERT INTO reviews (writtenby, content, rating, restaurantid) VALUES (?, ?, ?, ?) [90012-191]
org.sql2o.Sql2oException: Error in executeUpdate, Parameter "#1" is not set; SQL statement:
INSERT INTO reviews (writtenby, content, rating, restaurantid) VALUES (?, ?, ?, ?) [90012-191]
]]></system-out>
  <system-err><![CDATA[]]></system-err>
</testsuite>
