<?xml version="1.0" encoding="UTF-8"?>
<testsuite name="dao.Sql2oFoodtypeDaoTest" tests="1" skipped="0" failures="0" errors="0" timestamp="2023-01-23T11:27:21" hostname="kajela-HP-EliteBook-840-G3" time="0.249">
  <properties/>
  <testcase name="deleteingRestaurantAlsoUpdatesJoinTable" classname="dao.Sql2oFoodtypeDaoTest" time="0.249"/>
  <system-out><![CDATA[]]></system-out>
  <system-err><![CDATA[]]></system-err>
</testsuite>
