<?xml version="1.0" encoding="UTF-8"?>
<testsuite name="dao.Sql2oRestaurantDaoTest" tests="8" skipped="0" failures="0" errors="0" timestamp="2023-01-23T18:14:47" hostname="kajela-HP-EliteBook-840-G3" time="0.52">
  <properties/>
  <testcase name="addedRestaurantsAreReturnedFromGetAll" classname="dao.Sql2oRestaurantDaoTest" time="0.337"/>
  <testcase name="updateCorrectlyUpdatesAllFields" classname="dao.Sql2oRestaurantDaoTest" time="0.023"/>
  <testcase name="deleteByIdDeletesCorrectRestaurant" classname="dao.Sql2oRestaurantDaoTest" time="0.023"/>
  <testcase name="RestaurantReturnsFoodtypesCorrectly" classname="dao.Sql2oRestaurantDaoTest" time="0.043"/>
  <testcase name="noRestaurantsReturnsEmptyList" classname="dao.Sql2oRestaurantDaoTest" time="0.013"/>
  <testcase name="clearAll" classname="dao.Sql2oRestaurantDaoTest" time="0.033"/>
  <testcase name="addingFoodSetsId" classname="dao.Sql2oRestaurantDaoTest" time="0.016"/>
  <testcase name="findByIdReturnsCorrectRestaurant" classname="dao.Sql2oRestaurantDaoTest" time="0.025"/>
  <system-out><![CDATA[]]></system-out>
  <system-err><![CDATA[]]></system-err>
</testsuite>
