<?xml version="1.0" encoding="UTF-8"?>
<testsuite name="models.RestaurantTest" tests="1" skipped="0" failures="0" errors="0" timestamp="2023-01-19T09:41:08" hostname="kajela-HP-EliteBook-840-G3" time="0.002">
  <properties/>
  <testcase name="RestaurantInstantiatesWithName" classname="models.RestaurantTest" time="0.002"/>
  <system-out><![CDATA[]]></system-out>
  <system-err><![CDATA[]]></system-err>
</testsuite>
