<?xml version="1.0" encoding="UTF-8"?>
<testsuite name="dao.Sql2oRestaurantDaoTest" tests="1" skipped="0" failures="0" errors="0" timestamp="2023-01-31T09:51:06" hostname="kajela-HP-EliteBook-840-G3" time="1.088">
  <properties/>
  <testcase name="updateCorrectlyUpdatesAllFields" classname="dao.Sql2oRestaurantDaoTest" time="1.088"/>
  <system-out><![CDATA[clearing database
connection closed
]]></system-out>
  <system-err><![CDATA[]]></system-err>
</testsuite>
